0 info it worked if it ends with ok
1 verbose cli [ 'C:\\Program Files\\nodejs\\node.exe',
1 verbose cli   'C:\\Program Files\\nodejs\\node_modules\\npm\\bin\\npm-cli.js',
1 verbose cli   'run',
1 verbose cli   'test' ]
2 info using npm@3.10.9
3 info using node@v6.9.2
4 verbose run-script [ 'pretest', 'test', 'posttest' ]
5 info lifecycle mcts-12puzzle@1.0.0~pretest: mcts-12puzzle@1.0.0
6 silly lifecycle mcts-12puzzle@1.0.0~pretest: no script for pretest, continuing
7 info lifecycle mcts-12puzzle@1.0.0~test: mcts-12puzzle@1.0.0
8 verbose lifecycle mcts-12puzzle@1.0.0~test: unsafe-perm in lifecycle true
9 verbose lifecycle mcts-12puzzle@1.0.0~test: PATH: C:\Program Files\nodejs\node_modules\npm\bin\node-gyp-bin;C:\Users\michal\Desktop\algorytm ukladanka 1-15\node_modules\.bin;C:\Users\michal\bin;C:\Program Files\Git\mingw64\bin;C:\Program Files\Git\usr\local\bin;C:\Program Files\Git\usr\bin;C:\Program Files\Git\usr\bin;C:\Program Files\Git\mingw64\bin;C:\Program Files\Git\usr\bin;C:\Users\michal\bin;C:\ProgramData\Oracle\Java\javapath;C:\Program Files (x86)\Common Files\Intel\Shared Files\cpp\bin\Intel64;C:\Windows\system32;C:\Windows;C:\Windows\System32\Wbem;C:\Windows\System32\WindowsPowerShell\v1.0;C:\Program Files (x86)\GtkSharp\2.12\bin;C:\Program Files\Git\cmd;C:\Program Files\nodejs;C:\Program Files (x86)\NVIDIA Corporation\PhysX\Common;C:\Program Files\erl8.0\bin;C:\Program Files (x86)\Elixir\bin;C:\WINDOWS\system32\config\systemprofile\.mix\escripts;C:\Program Files\OpenVPN\bin;C:\Program Files\Common Files\Autodesk Shared;C:\Program Files (x86)\Autodesk\Backburner;C:\Program Files (x86)\Skype\Phone;C:\Program Files (x86)\Yarn\bin;C:\WINDOWS\system32;C:\WINDOWS;C:\WINDOWS\System32\Wbem;C:\WINDOWS\System32\WindowsPowerShell\v1.0;C:\Users\michal\Anaconda3;C:\Users\michal\Anaconda3\Scripts;C:\Users\michal\Anaconda3\Library\bin;C:\users\michal\appdata\local\enthought\canopy\user\scripts;C:\Users\michal\AppData\Local\Microsoft\WindowsApps;C:\Users\michal\AppData\Local\atom\bin;C:\Users\michal\AppData\Local\Enthought\Canopy\User;C:\Users\michal\AppData\Local\Enthought\Canopy\User\Scripts;C:\Users\michal\AppData\Roaming\npm;C:\Users\michal\AppData\Local\Android\sdk\platform-tools;C:\AitechSPHINX 4.5;C:\Users\michal\Documents\gradle-3.3\bin;C:\Program Files\Docker Toolbox;C:\Program Files\Heroku\bin;C:\Users\michal\AppData\Local\Yarn\bin;%USERPROFILE%\AppData\Local\Microsoft\WindowsApps;C:\Program Files\Git\usr\bin\vendor_perl;C:\Program Files\Git\usr\bin\core_perl
10 verbose lifecycle mcts-12puzzle@1.0.0~test: CWD: C:\Users\michal\Desktop\algorytm ukladanka 1-15
11 silly lifecycle mcts-12puzzle@1.0.0~test: Args: [ '/d /s /c', 'mocha --reporter=nyan *-spec.js' ]
12 silly lifecycle mcts-12puzzle@1.0.0~test: Returned: code: 1  signal: null
13 info lifecycle mcts-12puzzle@1.0.0~test: Failed to exec test script
14 verbose stack Error: mcts-12puzzle@1.0.0 test: `mocha --reporter=nyan *-spec.js`
14 verbose stack Exit status 1
14 verbose stack     at EventEmitter.<anonymous> (C:\Program Files\nodejs\node_modules\npm\lib\utils\lifecycle.js:255:16)
14 verbose stack     at emitTwo (events.js:106:13)
14 verbose stack     at EventEmitter.emit (events.js:191:7)
14 verbose stack     at ChildProcess.<anonymous> (C:\Program Files\nodejs\node_modules\npm\lib\utils\spawn.js:40:14)
14 verbose stack     at emitTwo (events.js:106:13)
14 verbose stack     at ChildProcess.emit (events.js:191:7)
14 verbose stack     at maybeClose (internal/child_process.js:877:16)
14 verbose stack     at Process.ChildProcess._handle.onexit (internal/child_process.js:226:5)
15 verbose pkgid mcts-12puzzle@1.0.0
16 verbose cwd C:\Users\michal\Desktop\algorytm ukladanka 1-15
17 error Windows_NT 10.0.16299
18 error argv "C:\\Program Files\\nodejs\\node.exe" "C:\\Program Files\\nodejs\\node_modules\\npm\\bin\\npm-cli.js" "run" "test"
19 error node v6.9.2
20 error npm  v3.10.9
21 error code ELIFECYCLE
22 error mcts-12puzzle@1.0.0 test: `mocha --reporter=nyan *-spec.js`
22 error Exit status 1
23 error Failed at the mcts-12puzzle@1.0.0 test script 'mocha --reporter=nyan *-spec.js'.
23 error Make sure you have the latest version of node.js and npm installed.
23 error If you do, this is most likely a problem with the mcts-12puzzle package,
23 error not with npm itself.
23 error Tell the author that this fails on your system:
23 error     mocha --reporter=nyan *-spec.js
23 error You can get information on how to open an issue for this project with:
23 error     npm bugs mcts-12puzzle
23 error Or if that isn't available, you can get their info via:
23 error     npm owner ls mcts-12puzzle
23 error There is likely additional logging output above.
24 verbose exit [ 1, true ]
